<?xml version="1.0" encoding="UTF-8"?>
<!-- Generated by org.testng.reporters.JUnitReportReporter -->
<testsuite hostname="LAPTOP-JB05BTC5" failures="0" tests="1" name="testscript.AdminUsersTest" time="6.554" errors="0" timestamp="2024-05-08T11:36:01 IST" skipped="0">
  <testcase classname="testscript.AdminUsersTest" name="verifyTheUserIsAbleToSaveUsernameAndPasswordOnAdminUsers" time="6.554"/>
  <system-out/>
</testsuite> <!-- testscript.AdminUsersTest -->
