<?xml version="1.0" encoding="UTF-8"?>
<!-- Generated by org.testng.reporters.JUnitReportReporter -->
<testsuite hostname="LAPTOP-JB05BTC5" failures="0" tests="1" name="testscript.ManageLocationsTest" time="15.527" errors="0" timestamp="2024-05-21T12:12:03 IST" skipped="0">
  <testcase classname="testscript.ManageLocationsTest" name="VerifyWhetherTheUserIsAbleToAddLocation" time="15.527"/>
  <system-out/>
</testsuite> <!-- testscript.ManageLocationsTest -->
