<?xml version="1.0" encoding="UTF-8"?>
<!-- Generated by org.testng.reporters.JUnitReportReporter -->
<testsuite hostname="LAPTOP-JB05BTC5" failures="0" tests="1" name="testscript.ManageDeliveryBoyTest" time="5.543" errors="0" timestamp="2024-05-08T23:53:31 IST" skipped="0">
  <testcase classname="testscript.ManageDeliveryBoyTest" name="verifyingDeliveryboyDetailsFoundInListDeliveryBoypage" time="5.543"/>
  <system-out/>
</testsuite> <!-- testscript.ManageDeliveryBoyTest -->
