<?xml version="1.0" encoding="UTF-8"?>
<!-- Generated by org.testng.reporters.JUnitReportReporter -->
<testsuite hostname="LAPTOP-JB05BTC5" failures="0" tests="1" name="testscript.ManageCategoryTest" time="7.658" errors="0" timestamp="2024-05-21T23:39:17 IST" skipped="0">
  <testcase classname="testscript.ManageCategoryTest" name="verifyWhetherTheUserIsAbleToAddDatasInCategory" time="7.658"/>
  <system-out/>
</testsuite> <!-- testscript.ManageCategoryTest -->
