<?xml version="1.0" encoding="UTF-8"?>
<!-- Generated by org.testng.reporters.JUnitReportReporter -->
<testsuite hostname="LAPTOP-JB05BTC5" failures="0" tests="1" name="testscript.LogIn" time="11.532" errors="0" timestamp="2024-05-03T15:10:03 IST" skipped="0">
  <testcase classname="testscript.LogIn" name="logIn" time="11.532"/>
  <system-out/>
</testsuite> <!-- testscript.LogIn -->
