<?xml version="1.0" encoding="UTF-8"?>
<!-- Generated by org.testng.reporters.JUnitReportReporter -->
<testsuite hostname="LAPTOP-JB05BTC5" failures="0" tests="1" name="testscript.PushNotificationsTest" time="6.244" errors="0" timestamp="2024-05-15T18:58:06 IST" skipped="0">
  <testcase classname="testscript.PushNotificationsTest" name="VerifyTheUserIsAbleToEnterDetailsOnPushNotificationInformations" time="6.244"/>
  <system-out/>
</testsuite> <!-- testscript.PushNotificationsTest -->
