<?xml version="1.0" encoding="UTF-8"?>
<!-- Generated by org.testng.reporters.JUnitReportReporter -->
<testsuite hostname="LAPTOP-JB05BTC5" failures="0" tests="1" name="testscript.ManageLocationsTest" time="6.454" errors="0" timestamp="2024-05-08T11:39:00 IST" skipped="0">
  <testcase classname="testscript.ManageLocationsTest" name="VerifyWhetherTheUserIsAbleToAddLocation" time="6.454"/>
  <system-out/>
</testsuite> <!-- testscript.ManageLocationsTest -->
