<?xml version="1.0" encoding="UTF-8"?>
<!-- Generated by org.testng.reporters.JUnitReportReporter -->
<testsuite hostname="LAPTOP-JB05BTC5" failures="0" tests="1" name="testscript.ManageNewsTest" time="7.641" errors="0" timestamp="2024-05-08T18:45:54 IST" skipped="0">
  <testcase classname="testscript.ManageNewsTest" name="verifyWhetherTheUserIsAbleToAddNews" time="7.641"/>
  <system-out/>
</testsuite> <!-- testscript.ManageNewsTest -->
