<?xml version="1.0" encoding="UTF-8"?>
<!-- Generated by org.testng.reporters.JUnitReportReporter -->
<testsuite hostname="LAPTOP-JB05BTC5" failures="0" tests="1" name="testscript.ManageContentTest" time="5.519" errors="0" timestamp="2024-05-21T12:46:01 IST" skipped="0">
  <testcase classname="testscript.ManageContentTest" name="verifyWhetherTheUserIsAbleToUpdateTheContactDetails" time="5.519"/>
  <system-out/>
</testsuite> <!-- testscript.ManageContentTest -->
