<?xml version="1.0" encoding="UTF-8"?>
<!-- Generated by org.testng.reporters.JUnitReportReporter -->
<testsuite hostname="LAPTOP-JB05BTC5" failures="0" tests="1" name="testscript.ManagePagesTest" time="5.841" errors="0" timestamp="2024-05-08T21:08:49 IST" skipped="0">
  <testcase classname="testscript.ManagePagesTest" name="verifyWhetherTheUserIsAbleToDeleteAPage" time="5.841"/>
  <system-out/>
</testsuite> <!-- testscript.ManagePagesTest -->
