<?xml version="1.0" encoding="UTF-8"?>
<!-- Generated by org.testng.reporters.JUnitReportReporter -->
<testsuite hostname="LAPTOP-JB05BTC5" failures="0" tests="1" name="testscript.ManagePagesTest" time="15.854" errors="0" timestamp="2024-05-27T15:12:40 IST" skipped="0">
  <testcase classname="testscript.ManagePagesTest" name="verifyWhetherTheUserIsAbleToDeleteAPage" time="15.854"/>
  <system-out/>
</testsuite> <!-- testscript.ManagePagesTest -->
