<?xml version="1.0" encoding="UTF-8"?>
<!-- Generated by org.testng.reporters.JUnitReportReporter -->
<testsuite hostname="LAPTOP-JB05BTC5" failures="0" tests="1" name="testscript.ManageDeliveryBoyTest" time="5.498" errors="0" timestamp="2024-05-21T12:46:31 IST" skipped="0">
  <testcase classname="testscript.ManageDeliveryBoyTest" name="verifyingDeliveryboyDetailsFoundInListDeliveryBoypage" time="5.498"/>
  <system-out/>
</testsuite> <!-- testscript.ManageDeliveryBoyTest -->
